Welcome to JAGS 3.4.0 on Fri Aug 29 15:37:18 2014
JAGS is free software and comes with ABSOLUTELY NO WARRANTY
Welcome to JAGS 3.4.0 on Fri Aug 29 15:37:18 2014
JAGS is free software and comes with ABSOLUTELY NO WARRANTY
Loading module: basemod: ok
Loading module: basemod: ok
Loading module: bugs: ok
Loading module: bugs: ok
Loading module: dic: ok
Reading data file line-data.R
Loading module: dic: ok
Compiling model graph
   Resolving undeclared variables
   Allocating nodes
Reading data file line-data.R
Compiling model graph
   Resolving undeclared variables
   Allocating nodes
Welcome to JAGS 3.4.0 on Fri Aug 29 15:37:18 2014
JAGS is free software and comes with ABSOLUTELY NO WARRANTY
   Graph Size: 37
Reading parameter file line-cmd1.R
Reading parameter file line-cmd1.R
   Graph Size: 37
Reading parameter file line-cmd1.R
Reading parameter file line-cmd2.R
Reading parameter file line-cmd1.R
Initializing model
Reading parameter file line-cmd2.R
Reading parameter file line-cmd2.R
Loading module: basemod: ok
Reading parameter file line-cmd2.R
Initializing model
Updating 1000
Updating 1000
Loading module: bugs: ok
Welcome to JAGS 3.4.0 on Fri Aug 29 15:37:18 2014
JAGS is free software and comes with ABSOLUTELY NO WARRANTY
Loading module: dic: ok
Reading data file line-data.R
Loading module: basemod: ok
Compiling model graph
   Resolving undeclared variables
   Allocating nodes
Loading module: bugs: ok
   Graph Size: 37
Reading parameter file line-cmd3.R
Reading parameter file line-cmd3.R
Reading parameter file line-cmd3.R
Welcome to JAGS 3.4.0 on Fri Aug 29 15:37:18 2014
JAGS is free software and comes with ABSOLUTELY NO WARRANTY
Reading parameter file line-cmd3.R
Loading module: dic: ok
Reading data file line-data.R
Initializing model
Compiling model graph
Loading module: basemod: ok
   Resolving undeclared variables
   Allocating nodes
Updating 1000
Loading module: bugs: ok
   Graph Size: 37
Reading parameter file line-cmd4.R
Reading parameter file line-cmd4.R
Reading parameter file line-cmd4.R
Reading parameter file line-cmd4.R
Initializing model
Updating 1000
Updating 10000
Updating 10000
Updating 10000
Updating 10000
Loading module: dic: ok
Reading data file line-data.R
Compiling model graph
   Resolving undeclared variables
   Allocating nodes
   Graph Size: 37
Reading parameter file line-cmd5.R
Reading parameter file line-cmd5.R
Reading parameter file line-cmd5.R
Reading parameter file line-cmd5.R
Initializing model
Updating 1000
Updating 10000
Welcome to JAGS 3.4.0 on Fri Aug 29 16:06:31 2014
JAGS is free software and comes with ABSOLUTELY NO WARRANTY
Loading module: basemod: ok
Loading module: bugs: ok
Loading module: dic: ok
Reading data file line-data.R
Compiling model graph
   Resolving undeclared variables
   Allocating nodes
   Graph Size: 37
Reading parameter file line-cmd1.R
Reading parameter file line-cmd1.R
Reading parameter file line-cmd1.R
Reading parameter file line-cmd1.R
Initializing model
Updating 1000
Updating 10000
Welcome to JAGS 3.4.0 on Fri Aug 29 16:06:52 2014
JAGS is free software and comes with ABSOLUTELY NO WARRANTY
Loading module: basemod: ok
Loading module: bugs: ok
Loading module: dic: ok
Reading data file line-data.R
Compiling model graph
   Resolving undeclared variables
   Allocating nodes
   Graph Size: 37
Reading parameter file line-cmd1.R
Reading parameter file line-cmd1.R
Reading parameter file line-cmd1.R
Reading parameter file line-cmd1.R
Initializing model
Updating 1000
Updating 10000
